<?xml version="1.0" encoding="UTF-8"?>
<!-- Generated by org.testng.reporters.JUnitReportReporter -->
<testsuite hostname="Soumyajit" failures="0" tests="2" name="com.practiceMaven.BatchExecutionPracticeTest" time="0.006" errors="0" timestamp="2022-03-16T14:58:45 IST" skipped="0">
  <testcase classname="com.practiceMaven.BatchExecutionPracticeTest" name="createProduct" time="0.001"/>
  <system-out/>
  <testcase classname="com.practiceMaven.BatchExecutionPracticeTest" name="createContact" time="0.005"/>
  <system-out/>
</testsuite> <!-- com.practiceMaven.BatchExecutionPracticeTest -->
