<?xml version="1.0" encoding="UTF-8"?>
<!-- Generated by org.testng.reporters.JUnitReportReporter -->
<testsuite skipped="0" hostname="Soumyajit" name="com.practiceMaven.SpicejetTicketBooking" tests="1" failures="0" timestamp="2022-03-31T15:01:39 IST" time="16.089" errors="0">
  <testcase name="spicejetTicket" time="16.089" classname="com.practiceMaven.SpicejetTicketBooking"/>
  <system-out/>
</testsuite> <!-- com.practiceMaven.SpicejetTicketBooking -->
