<?xml version="1.0" encoding="UTF-8"?>
<!-- Generated by org.testng.reporters.JUnitReportReporter -->
<testsuite skipped="0" hostname="Soumyajit" name="com.practiceMaven.SeleniumHeaderPrint" tests="1" failures="0" timestamp="2022-03-30T16:29:22 IST" time="5.202" errors="0">
  <testcase name="printHeader" time="5.202" classname="com.practiceMaven.SeleniumHeaderPrint"/>
  <system-out/>
</testsuite> <!-- com.practiceMaven.SeleniumHeaderPrint -->
