<?xml version="1.0" encoding="UTF-8"?>
<!-- Generated by org.testng.reporters.JUnitReportReporter -->
<testsuite skipped="0" hostname="Soumyajit" name="com.practiceMaven.FlipkartScenarioTest" tests="1" failures="0" timestamp="2022-05-30T12:45:53 IST" time="13.256" errors="0">
  <testcase name="flipkartLastProSelection" time="13.256" classname="com.practiceMaven.FlipkartScenarioTest"/>
  <system-out/>
</testsuite> <!-- com.practiceMaven.FlipkartScenarioTest -->
