<?xml version="1.0" encoding="UTF-8"?>
<!-- Generated by org.testng.reporters.JUnitReportReporter -->
<testsuite hostname="Soumyajit" failures="0" tests="3" name="com.practiceMaven.DependsOnPracticeTest" time="0.007" errors="0" timestamp="2022-03-14T14:43:33 IST" skipped="0">
  <testcase classname="com.practiceMaven.DependsOnPracticeTest" name="deleteOrganization" time="0.001"/>
  <system-out/>
  <testcase classname="com.practiceMaven.DependsOnPracticeTest" name="freateOrganization" time="0.005"/>
  <system-out/>
  <testcase classname="com.practiceMaven.DependsOnPracticeTest" name="editOrganization" time="0.001"/>
  <system-out/>
</testsuite> <!-- com.practiceMaven.DependsOnPracticeTest -->
