<?xml version="1.0" encoding="UTF-8"?>
<!-- Generated by org.testng.reporters.JUnitReportReporter -->
<testsuite skipped="0" hostname="Soumyajit" name="com.practiceMaven.BTest" tests="2" failures="0" timestamp="2022-08-01T15:41:09 IST" time="0.005" errors="0">
  <testcase name="m3" time="0.004" classname="com.practiceMaven.BTest"/>
  <system-out/>
  <testcase name="m4" time="0.001" classname="com.practiceMaven.BTest"/>
  <system-out/>
</testsuite> <!-- com.practiceMaven.BTest -->
