<?xml version="1.0" encoding="UTF-8"?>
<!-- Generated by org.testng.reporters.JUnitReportReporter -->
<testsuite hostname="Soumyajit" failures="0" tests="2" name="com.practiceMaven.TestNGPractice" time="26.634" errors="0" timestamp="2022-03-15T16:07:14 IST" skipped="0">
  <testcase classname="com.practiceMaven.TestNGPractice" name="m1" time="15.171"/>
  <system-out/>
  <testcase classname="com.practiceMaven.TestNGPractice" name="m1" time="11.463"/>
  <system-out/>
</testsuite> <!-- com.practiceMaven.TestNGPractice -->
