<?xml version="1.0" encoding="UTF-8"?>
<!-- Generated by org.testng.reporters.JUnitReportReporter -->
<testsuite hostname="Soumyajit" failures="0" tests="1" name="com.crm.autodesk.campaignPOMTest.CreateCampaignWithMandatoryFields" time="7.358" errors="0" timestamp="2022-03-14T17:51:25 IST" skipped="0">
  <testcase classname="com.crm.autodesk.campaignPOMTest.CreateCampaignWithMandatoryFields" name="createOrgWithMandatoryFields" time="7.358"/>
  <system-out/>
</testsuite> <!-- com.crm.autodesk.campaignPOMTest.CreateCampaignWithMandatoryFields -->
