<?xml version="1.0" encoding="UTF-8"?>
<!-- Generated by org.testng.reporters.JUnitReportReporter -->
<testsuite skipped="0" hostname="Soumyajit" name="com.crm.autodesk.organisationPOMTest.CreateOrgWithIndustryTest" tests="1" failures="0" timestamp="2022-03-29T15:07:40 IST" time="8.649" errors="0">
  <testcase name="createOrgWithIndustry" time="8.649" classname="com.crm.autodesk.organisationPOMTest.CreateOrgWithIndustryTest"/>
  <system-out/>
</testsuite> <!-- com.crm.autodesk.organisationPOMTest.CreateOrgWithIndustryTest -->
