<?xml version="1.0" encoding="UTF-8"?>
<!-- Generated by org.testng.reporters.JUnitReportReporter -->
<testsuite skipped="0" hostname="Soumyajit" name="com.crm.autodesk.contactsPOMTest.CreateContactWithOrganization" tests="1" failures="0" timestamp="2022-03-29T14:29:52 IST" time="14.071" errors="0">
  <testcase name="createContactWithOrganization" time="14.071" classname="com.crm.autodesk.contactsPOMTest.CreateContactWithOrganization"/>
  <system-out/>
</testsuite> <!-- com.crm.autodesk.contactsPOMTest.CreateContactWithOrganization -->
