<?xml version="1.0" encoding="UTF-8"?>
<!-- Generated by org.testng.reporters.JUnitReportReporter -->
<testsuite skipped="0" hostname="Soumyajit" name="com.practiceMaven.RunTimeParameterFromEclipse" tests="1" failures="0" timestamp="2022-08-10T10:14:38 IST" time="0.005" errors="0">
  <testcase name="getRunTimeData" time="0.005" classname="com.practiceMaven.RunTimeParameterFromEclipse"/>
  <system-out/>
</testsuite> <!-- com.practiceMaven.RunTimeParameterFromEclipse -->
