<?xml version="1.0" encoding="UTF-8"?>
<!-- Generated by org.testng.reporters.JUnitReportReporter -->
<testsuite hostname="MSI" failures="0" tests="1" name="com.practiceMaven.DemoTestNG" time="8.878" errors="0" timestamp="2022-03-03T17:19:56 IST" skipped="0">
  <testcase classname="com.practiceMaven.DemoTestNG" name="createOrganization" time="8.878"/>
  <system-out>
    <![CDATA[tc passed]]>
  </system-out>
</testsuite> <!-- com.practiceMaven.DemoTestNG -->
