<?xml version="1.0" encoding="UTF-8"?>
<!-- Generated by org.testng.reporters.JUnitReportReporter -->
<testsuite skipped="0" hostname="Soumyajit" name="com.crm.autodesk.contactsPOMTest.CreateContactWithMandatoryFieldsTest" tests="1" failures="0" timestamp="2022-03-29T15:12:13 IST" time="8.162" errors="0">
  <testcase name="createContactWithMandatoryFields" time="8.162" classname="com.crm.autodesk.contactsPOMTest.CreateContactWithMandatoryFieldsTest"/>
  <system-out/>
</testsuite> <!-- com.crm.autodesk.contactsPOMTest.CreateContactWithMandatoryFieldsTest -->
