<?xml version="1.0" encoding="UTF-8"?>
<!-- Generated by org.testng.reporters.JUnitReportReporter -->
<testsuite skipped="0" hostname="Soumyajit" name="com.practiceMaven.ATest" tests="2" failures="0" timestamp="2022-08-01T15:41:09 IST" time="0.002" errors="0">
  <testcase name="m2" time="0.001" classname="com.practiceMaven.ATest"/>
  <system-out/>
  <testcase name="m1" time="0.001" classname="com.practiceMaven.ATest"/>
  <system-out/>
</testsuite> <!-- com.practiceMaven.ATest -->
