<?xml version="1.0" encoding="UTF-8"?>
<!-- Generated by org.testng.reporters.JUnitReportReporter -->
<testsuite skipped="0" hostname="Soumyajit" name="com.practiceMaven.Practice2" tests="1" failures="0" timestamp="2022-07-31T17:37:13 IST" time="131.879" errors="0">
  <testcase name="practice" time="131.879" classname="com.practiceMaven.Practice2"/>
  <system-out/>
</testsuite> <!-- com.practiceMaven.Practice2 -->
