<?xml version="1.0" encoding="UTF-8"?>
<!-- Generated by org.testng.reporters.JUnitReportReporter -->
<testsuite hostname="Soumyajit" failures="0" tests="1" name="com.practiceMaven.XmlDataDrivenTesting" time="0.007" errors="0" timestamp="2022-03-16T14:35:40 IST" skipped="0">
  <testcase classname="com.practiceMaven.XmlDataDrivenTesting" name="fetchDataFromXml" time="0.007"/>
  <system-out/>
</testsuite> <!-- com.practiceMaven.XmlDataDrivenTesting -->
