<?xml version="1.0" encoding="UTF-8"?>
<!-- Generated by org.testng.reporters.JUnitReportReporter -->
<testsuite skipped="0" hostname="Soumyajit" name="com.practiceMaven.AthleteMedalList" tests="1" failures="0" timestamp="2022-04-26T15:25:56 IST" time="200.162" errors="0">
  <testcase name="olympicMedal" time="200.162" classname="com.practiceMaven.AthleteMedalList"/>
  <system-out/>
</testsuite> <!-- com.practiceMaven.AthleteMedalList -->
