<?xml version="1.0" encoding="UTF-8"?>
<!-- Generated by org.testng.reporters.JUnitReportReporter -->
<testsuite hostname="Soumyajit" failures="0" tests="5" name="com.practiceMaven.CreateContactWithLastNameAndMobNo" time="46.360" errors="0" timestamp="2022-03-14T12:08:20 IST" skipped="0">
  <testcase classname="com.practiceMaven.CreateContactWithLastNameAndMobNo" name="createContact" time="9.272"/>
  <system-out/>
  <testcase classname="com.practiceMaven.CreateContactWithLastNameAndMobNo" name="createContact" time="9.200"/>
  <system-out/>
  <testcase classname="com.practiceMaven.CreateContactWithLastNameAndMobNo" name="createContact" time="8.933"/>
  <system-out/>
  <testcase classname="com.practiceMaven.CreateContactWithLastNameAndMobNo" name="createContact" time="9.840"/>
  <system-out/>
  <testcase classname="com.practiceMaven.CreateContactWithLastNameAndMobNo" name="createContact" time="9.115"/>
  <system-out/>
</testsuite> <!-- com.practiceMaven.CreateContactWithLastNameAndMobNo -->
