<?xml version="1.0" encoding="UTF-8"?>
<!-- Generated by org.testng.reporters.JUnitReportReporter -->
<testsuite hostname="Soumyajit" failures="0" tests="2" name="com.practiceMaven.DataProviderPractice" time="0.005" errors="0" timestamp="2022-03-14T11:33:11 IST" skipped="0">
  <testcase classname="com.practiceMaven.DataProviderPractice" name="getMultipleData" time="0.000"/>
  <system-out/>
  <testcase classname="com.practiceMaven.DataProviderPractice" name="getMultipleData" time="0.005"/>
  <system-out/>
</testsuite> <!-- com.practiceMaven.DataProviderPractice -->
