<?xml version="1.0" encoding="UTF-8"?>
<!-- Generated by org.testng.reporters.JUnitReportReporter -->
<testsuite skipped="0" hostname="Soumyajit" name="com.crm.autodesk.organisationPOMTest.CreateOrgWithMandatoryFields" tests="1" failures="0" timestamp="2022-03-29T15:05:58 IST" time="8.452" errors="0">
  <testcase name="createOrgWithMandatoryFields" time="8.452" classname="com.crm.autodesk.organisationPOMTest.CreateOrgWithMandatoryFields"/>
  <system-out/>
</testsuite> <!-- com.crm.autodesk.organisationPOMTest.CreateOrgWithMandatoryFields -->
