<?xml version="1.0" encoding="UTF-8"?>
<!-- Generated by org.testng.reporters.JUnitReportReporter -->
<testsuite skipped="0" hostname="Soumyajit" name="com.practiceMaven.DataBaseUtilityPractice" tests="1" failures="0" timestamp="2022-03-29T17:48:28 IST" time="0.153" errors="0">
  <testcase name="insertData" time="0.153" classname="com.practiceMaven.DataBaseUtilityPractice"/>
  <system-out/>
</testsuite> <!-- com.practiceMaven.DataBaseUtilityPractice -->
